<?xml version="1.0" encoding="UTF-8"?>
<testsuite xmlns:xsi="http://www.w3.org/2001/XMLSchema-instance" xsi:noNamespaceSchemaLocation="https://maven.apache.org/surefire/maven-surefire-plugin/xsd/surefire-test-report-3.0.xsd" version="3.0" name="TestSuite" time="32.4" tests="1" errors="0" skipped="0" failures="1">
  <properties>
[...]
</properties>
  <testcase name="testcreateEmployee" classname="scripts.TestScripts" time="12.913">
    <failure message="no such element: Unable to locate element: {&quot;method&quot;:&quot;css selector&quot;,&quot;selector&quot;:&quot;#lastName&quot;}&#10;  (Session info: chrome=81.0.4044.138)&#10;For documentation on this error, please visit: https://www.seleniumhq.org/exceptions/no_such_element.html&#10;Build info: version: &apos;3.141.59&apos;, revision: &apos;e82be7d358&apos;, time: &apos;2018-11-14T08:17:03&apos;&#10;System info: host: &apos;TYSS&apos;, ip: &apos;192.168.1.3&apos;, os.name: &apos;Windows 8.1&apos;, os.arch: &apos;amd64&apos;, os.version: &apos;6.3&apos;, java.version: &apos;1.8.0_181&apos;&#10;Driver info: org.openqa.selenium.chrome.ChromeDriver&#10;Capabilities {acceptInsecureCerts: false, browserName: chrome, browserVersion: 81.0.4044.138, chrome: {chromedriverVersion: 81.0.4044.69 (6813546031a4b..., userDataDir: C:\Users\Pratibha\AppData\L...}, goog:chromeOptions: {debuggerAddress: localhost:64555}, javascriptEnabled: true, networkConnectionEnabled: false, pageLoadStrategy: normal, platform: WINDOWS, platformName: WINDOWS, proxy: Proxy(), setWindowRect: true, strictFileInteractability: false, timeouts: {implicit: 0, pageLoad: 300000, script: 30000}, unhandledPromptBehavior: dismiss and notify, webauthn:virtualAuthenticators: true}&#10;Session ID: c8c1a77362b7c9e4b55b169d3c63a130&#10;*** Element info: {Using=id, value=lastName}" type="org.openqa.selenium.NoSuchElementException"><![CDATA[org.openqa.selenium.NoSuchElementException: 
no such element: Unable to locate element: {"method":"css selector","selector":"#lastName"}
  (Session info: chrome=81.0.4044.138)
For documentation on this error, please visit: https://www.seleniumhq.org/exceptions/no_such_element.html
Build info: version: '3.141.59', revision: 'e82be7d358', time: '2018-11-14T08:17:03'
System info: host: 'TYSS', ip: '192.168.1.3', os.name: 'Windows 8.1', os.arch: 'amd64', os.version: '6.3', java.version: '1.8.0_181'
Driver info: org.openqa.selenium.chrome.ChromeDriver
Capabilities {acceptInsecureCerts: false, browserName: chrome, browserVersion: 81.0.4044.138, chrome: {chromedriverVersion: 81.0.4044.69 (6813546031a4b..., userDataDir: C:\Users\Pratibha\AppData\L...}, goog:chromeOptions: {debuggerAddress: localhost:64555}, javascriptEnabled: true, networkConnectionEnabled: false, pageLoadStrategy: normal, platform: WINDOWS, platformName: WINDOWS, proxy: Proxy(), setWindowRect: true, strictFileInteractability: false, timeouts: {implicit: 0, pageLoad: 300000, script: 30000}, unhandledPromptBehavior: dismiss and notify, webauthn:virtualAuthenticators: true}
Session ID: c8c1a77362b7c9e4b55b169d3c63a130
*** Element info: {Using=id, value=lastName}
	at scripts.TestScripts.testcreateEmployee(TestScripts.java:20)
]]></failure>
    <system-out><![CDATA[Tiltle is matchingOrangeHRM
]]></system-out>
    <system-err><![CDATA[Starting ChromeDriver 81.0.4044.69 (6813546031a4bc83f717a2ef7cd4ac6ec1199132-refs/branch-heads/4044@{#776}) on port 35108
Only local connections are allowed.
Please protect ports used by ChromeDriver and related test frameworks to prevent access by malicious code.
May 25, 2020 5:06:10 PM org.openqa.selenium.remote.ProtocolHandshake createSession
INFO: Detected dialect: W3C
[1590406576.855][SEVERE]: Timed out receiving message from renderer: 0.100
[1590406576.957][SEVERE]: Timed out receiving message from renderer: 0.100
[1590406577.076][SEVERE]: Timed out receiving message from renderer: 0.100
[1590406577.179][SEVERE]: Timed out receiving message from renderer: 0.100
[1590406577.303][SEVERE]: Timed out receiving message from renderer: 0.100
[1590406577.405][SEVERE]: Timed out receiving message from renderer: 0.100
[1590406577.510][SEVERE]: Timed out receiving message from renderer: 0.100
[1590406577.633][SEVERE]: Timed out receiving message from renderer: 0.100
[1590406577.742][SEVERE]: Timed out receiving message from renderer: 0.100
[1590406577.859][SEVERE]: Timed out receiving message from renderer: 0.100
[1590406577.960][SEVERE]: Timed out receiving message from renderer: 0.100
[1590406578.069][SEVERE]: Timed out receiving message from renderer: 0.100
[1590406578.173][SEVERE]: Timed out receiving message from renderer: 0.100
[1590406578.279][SEVERE]: Timed out receiving message from renderer: 0.100
[1590406578.384][SEVERE]: Timed out receiving message from renderer: 0.100
[1590406578.491][SEVERE]: Timed out receiving message from renderer: 0.100
[1590406578.595][SEVERE]: Timed out receiving message from renderer: 0.100
[1590406578.703][SEVERE]: Timed out receiving message from renderer: 0.100
[1590406578.808][SEVERE]: Timed out receiving message from renderer: 0.100
[1590406578.910][SEVERE]: Timed out receiving message from renderer: 0.100
[1590406579.015][SEVERE]: Timed out receiving message from renderer: 0.100
[1590406579.118][SEVERE]: Timed out receiving message from renderer: 0.100
[1590406579.222][SEVERE]: Timed out receiving message from renderer: 0.100
[1590406579.326][SEVERE]: Timed out receiving message from renderer: 0.100
[1590406579.457][SEVERE]: Timed out receiving message from renderer: 0.100
[1590406579.561][SEVERE]: Timed out receiving message from renderer: 0.100
[1590406579.671][SEVERE]: Timed out receiving message from renderer: 0.100
[1590406579.775][SEVERE]: Timed out receiving message from renderer: 0.100
[1590406579.877][SEVERE]: Timed out receiving message from renderer: 0.100
[1590406580.086][SEVERE]: Timed out receiving message from renderer: 0.100
[1590406580.202][SEVERE]: Timed out receiving message from renderer: 0.100
[1590406580.308][SEVERE]: Timed out receiving message from renderer: 0.100
[1590406580.412][SEVERE]: Timed out receiving message from renderer: 0.100
[1590406580.517][SEVERE]: Timed out receiving message from renderer: 0.100
[1590406580.622][SEVERE]: Timed out receiving message from renderer: 0.100
[1590406580.728][SEVERE]: Timed out receiving message from renderer: 0.100
[1590406580.830][SEVERE]: Timed out receiving message from renderer: 0.100
[1590406580.936][SEVERE]: Timed out receiving message from renderer: 0.100
[1590406581.038][SEVERE]: Timed out receiving message from renderer: 0.100
[1590406581.140][SEVERE]: Timed out receiving message from renderer: 0.100
[1590406581.246][SEVERE]: Timed out receiving message from renderer: 0.100
[1590406581.351][SEVERE]: Timed out receiving message from renderer: 0.100
[1590406581.455][SEVERE]: Timed out receiving message from renderer: 0.100
[1590406581.558][SEVERE]: Timed out receiving message from renderer: 0.100
[1590406581.662][SEVERE]: Timed out receiving message from renderer: 0.100
[1590406581.773][SEVERE]: Timed out receiving message from renderer: 0.100
[1590406581.875][SEVERE]: Timed out receiving message from renderer: 0.100
[1590406581.976][SEVERE]: Timed out receiving message from renderer: 0.100
[1590406582.078][SEVERE]: Timed out receiving message from renderer: 0.100
[1590406582.184][SEVERE]: Timed out receiving message from renderer: 0.100
[1590406582.290][SEVERE]: Timed out receiving message from renderer: 0.100
[1590406582.408][SEVERE]: Timed out receiving message from renderer: 0.100
[1590406582.510][SEVERE]: Timed out receiving message from renderer: 0.100
[1590406582.614][SEVERE]: Timed out receiving message from renderer: 0.100
[1590406582.717][SEVERE]: Timed out receiving message from renderer: 0.100
[1590406582.821][SEVERE]: Timed out receiving message from renderer: 0.100
[1590406582.925][SEVERE]: Timed out receiving message from renderer: 0.100
[1590406583.028][SEVERE]: Timed out receiving message from renderer: 0.100
[1590406583.131][SEVERE]: Timed out receiving message from renderer: 0.100
[1590406583.239][SEVERE]: Timed out receiving message from renderer: 0.100
[1590406583.343][SEVERE]: Timed out receiving message from renderer: 0.100
[1590406583.460][SEVERE]: Timed out receiving message from renderer: 0.100
[1590406583.561][SEVERE]: Timed out receiving message from renderer: 0.100
[1590406588.678][SEVERE]: Timed out receiving message from renderer: 0.100
[1590406588.787][SEVERE]: Timed out receiving message from renderer: 0.100
[1590406588.891][SEVERE]: Timed out receiving message from renderer: 0.100
[1590406589.008][SEVERE]: Timed out receiving message from renderer: 0.100
[1590406589.120][SEVERE]: Timed out receiving message from renderer: 0.100
[1590406589.232][SEVERE]: Timed out receiving message from renderer: 0.100
[1590406589.335][SEVERE]: Timed out receiving message from renderer: 0.100
[1590406589.438][SEVERE]: Timed out receiving message from renderer: 0.100
[1590406589.542][SEVERE]: Timed out receiving message from renderer: 0.100
[1590406589.644][SEVERE]: Timed out receiving message from renderer: 0.100
[1590406589.748][SEVERE]: Timed out receiving message from renderer: 0.100
[1590406589.851][SEVERE]: Timed out receiving message from renderer: 0.100
[1590406589.955][SEVERE]: Timed out receiving message from renderer: 0.100
[1590406590.082][SEVERE]: Timed out receiving message from renderer: 0.100
[1590406590.183][SEVERE]: Timed out receiving message from renderer: 0.100
[1590406590.287][SEVERE]: Timed out receiving message from renderer: 0.100
[1590406590.392][SEVERE]: Timed out receiving message from renderer: 0.100
[1590406590.532][SEVERE]: Timed out receiving message from renderer: 0.100
[1590406590.635][SEVERE]: Timed out receiving message from renderer: 0.100
[1590406590.737][SEVERE]: Timed out receiving message from renderer: 0.100
[1590406590.849][SEVERE]: Timed out receiving message from renderer: 0.100
[1590406591.010][SEVERE]: Timed out receiving message from renderer: 0.100
[1590406591.180][SEVERE]: Timed out receiving message from renderer: 0.100
[1590406591.287][SEVERE]: Timed out receiving message from renderer: 0.100
[1590406591.393][SEVERE]: Timed out receiving message from renderer: 0.100
[1590406591.499][SEVERE]: Timed out receiving message from renderer: 0.100
[1590406591.608][SEVERE]: Timed out receiving message from renderer: 0.100
[1590406591.713][SEVERE]: Timed out receiving message from renderer: 0.100
[1590406596.294][SEVERE]: Timed out receiving message from renderer: 0.100
[1590406596.401][SEVERE]: Timed out receiving message from renderer: 0.100
[1590406596.616][SEVERE]: Timed out receiving message from renderer: 0.100
[1590406596.731][SEVERE]: Timed out receiving message from renderer: 0.100
]]></system-err>
  </testcase>
</testsuite>