<?xml version="1.0" encoding="UTF-8"?>
<testng-results skipped="0" failed="0" ignored="0" total="1" passed="1">
  <reporter-output>
    <line>
      <![CDATA[Tiltle is matchingOrangeHRM]]>
    </line>
  </reporter-output>
  <suite name="Suite" duration-ms="12513" started-at="2020-05-25T17:05:30 IST" finished-at="2020-05-25T17:05:42 IST">
    <groups>
    </groups>
    <test name="Test" duration-ms="12513" started-at="2020-05-25T17:05:30 IST" finished-at="2020-05-25T17:05:42 IST">
      <class name="scripts.TestScripts">
        <test-method status="PASS" signature="preCondition()[pri:0, instance:scripts.TestScripts@68bbe345]" name="preCondition" is-config="true" duration-ms="6873" started-at="2020-05-25T17:05:30 IST" finished-at="2020-05-25T17:05:36 IST">
          <reporter-output>
          </reporter-output>
        </test-method> <!-- preCondition -->
        <test-method status="PASS" signature="testcreateEmployee()[pri:0, instance:scripts.TestScripts@68bbe345]" name="testcreateEmployee" duration-ms="5192" started-at="2020-05-25T17:05:36 IST" finished-at="2020-05-25T17:05:42 IST">
          <reporter-output>
            <line>
              <![CDATA[Tiltle is matchingOrangeHRM]]>
            </line>
          </reporter-output>
        </test-method> <!-- testcreateEmployee -->
        <test-method status="PASS" signature="postCondition()[pri:0, instance:scripts.TestScripts@68bbe345]" name="postCondition" is-config="true" duration-ms="393" started-at="2020-05-25T17:05:42 IST" finished-at="2020-05-25T17:05:42 IST">
          <reporter-output>
          </reporter-output>
        </test-method> <!-- postCondition -->
      </class> <!-- scripts.TestScripts -->
    </test> <!-- Test -->
  </suite> <!-- Suite -->
</testng-results>
